epoch,loss,val_loss
0,5.497634779048871,4.757370162110791
1,4.595112673843963,4.709014256795247
2,4.509541429044829,4.668327140405712
3,4.443170422743141,4.635647178199221
4,4.391221903547456,4.597812203918329
5,4.3432832991523584,4.554321124080867
6,4.296350428826698,4.500383033028132
7,4.234446626172287,4.4493092524854445
8,4.182224010113423,4.402525026586991
9,4.129757370123883,4.355614336231087
10,4.074970979730791,4.30161606108589
11,4.019889111257304,4.2539305827788665
12,3.965869402583641,4.206595004359378
13,3.9157395010759055,4.164130218924349
0,3.867387320924912,4.126399722280381
1,3.821345924828123,4.0883812421484835
2,3.775762987539235,4.050096757301298
3,3.7270802988784726,4.011073005853323
4,3.6824690339937494,3.9785234314479907
5,3.6394653149294953,3.94094015676764
6,3.5981141816714644,3.9143696797044973
7,3.5581103799715326,3.887459668429089
8,3.520360542249076,3.865196740073997
9,3.483452277847483,3.8497084645782342
10,3.448896979480856,3.8229572984236704
11,3.414866562131085,3.8025749645152676
12,3.3839061964413286,3.7863453561243627
13,3.35240491130684,3.7741902025440073
14,3.320864502387711,3.755184635331359
15,3.291774256822932,3.74417949024635
16,3.263317462261216,3.7326281452983743
17,3.2356600519977037,3.7251958555310085
18,3.2077018771996477,3.711664372858619
19,3.181245718324235,3.7042118366257553
20,3.153069405616084,3.691424311464849
21,3.126299528129996,3.6825786341091753
22,3.100130692815982,3.67802976354768
23,3.0764842807995114,3.669176160031733
24,3.052994044018194,3.6646221026086607
25,3.0304844248646927,3.6623551946149093
26,3.007026531525302,3.6550201142387553
27,2.983765164508095,3.650792492089895
28,2.965077313692761,3.656999795245722
29,2.9443697838843623,3.644673986273979
30,2.9203850941315985,3.6407174913189078
31,2.899314669114125,3.637716766148177
32,2.8795573761694544,3.6354241612591323
33,2.857770525453463,3.6360423534731323
34,2.838604297316024,3.6331687416205427
35,2.8176246936814193,3.6326082024393203
36,2.7972989826765744,3.63010810699141
37,2.777184393838488,3.6304949426449804
38,2.757168806051906,3.6318755451636977
39,2.737873538133967,3.632221429156855
40,2.7184206242299784,3.6290187845753215
41,2.6993139534559933,3.628232148126208
42,2.680194429204434,3.628260640655389
43,2.658756342618274,3.6225755043673615
44,2.6335450808207193,3.6199960517480907
45,2.6063115566591675,3.6063214012339144
46,2.5774117381260866,3.5947987278805504
47,2.552256551975942,3.585358999952485
48,2.525359375064383,3.5738716447403664
49,2.4999469040818356,3.5719603737698327
50,2.47396607942219,3.5609293225445326
51,2.4507425605999265,3.5555490401223744
52,2.4274185096161274,3.5506015709180874
53,2.4067560590269195,3.549142401932664
54,2.383724297149272,3.543875491065818
55,2.3635685574656295,3.5364084585809508
56,2.342275665782172,3.5344377338634763
57,2.3236990699285194,3.5332701347045257
58,2.3040320822961218,3.5306115140391805
59,2.284684889427217,3.5286125422530032
60,2.2642961423608323,3.5264560069715927
61,2.2442534885326015,3.521162396241844
62,2.226410310479659,3.518518834174434
63,2.206867799477235,3.5170207818349204
64,2.1876171641208955,3.513129028086924
65,2.1695269663122634,3.5148432003294867
66,2.1532017510651538,3.509587823087153
67,2.1353899778696053,3.509884071752492
68,2.119622157092839,3.510032921400754
69,2.099688179885285,3.510350529151627
70,2.08288511143455,3.511320058806536
71,2.066052115919218,3.506959478563397
72,2.0503521327730976,3.501580234318343
73,2.036393080079606,3.5049517547027973
74,2.01937567533823,3.50795444657531
75,2.004640050075225,3.5077120905687034
76,1.989286138035577,3.508292836981987
77,1.9736994670916208,3.5060563489857604
78,1.9640967604480213,3.5143220193275417
79,1.9490846833096276,3.510590197164801
80,1.9337951362384522,3.5114821844463107
81,1.9197925756752239,3.5118006231412604
82,1.9036636231820794,3.510864631033145
83,1.89330195978221,3.515315900875043
84,1.8781487318030892,3.5203605301772494
85,1.8700133215022992,3.521953604895354
86,1.8530362079918132,3.5195819315528065
87,1.8415731910914812,3.526620546976725
88,1.8299579580121905,3.5276006072885377
89,1.816608957600493,3.5284138359600985
90,1.8052645966976504,3.534739838370794
91,1.7938131591941737,3.5294158509008997
92,1.780411230863901,3.539250382894202
93,1.7726921069471142,3.5451473445328983
94,1.7625776695299753,3.538815324316548
95,1.7482611086801134,3.546837290631065
96,1.7362953308765394,3.5532328941651032
97,1.7266393291296336,3.5523587983368823
98,1.714112947761761,3.5515317776032136
99,1.705209940294676,3.5511194985627124
100,1.6961979463633605,3.561438011217721
101,1.6877267149430286,3.5633779859744044
102,1.674287209530923,3.5627971138129255
103,1.6623235815185031,3.576723392502668
104,1.655396109894861,3.5758010053433447
105,1.6436203828843836,3.574798896845886
106,1.6329558348353905,3.574263389603498
107,1.6253811850326474,3.5830970172640644
108,1.6142140863313956,3.593625126005728
109,1.6060325656762102,3.5993717974248316
110,1.5987897321644715,3.5885456966448435
111,1.5878888630162815,3.6026627001380116
112,1.5787499061616663,3.5976536465093556
113,1.5708119361209467,3.606483967495367
114,1.5590317088340404,3.6073914932299265
115,1.5526206166432377,3.6123273352530436
116,1.5452631656630633,3.618626407430142
117,1.5342517361862247,3.627981292547556
118,1.5304069765509432,3.6271079572444225
119,1.5161883373300737,3.6326600549593255
120,1.5106086041856919,3.633819401012694
121,1.5010628388400822,3.63453867666832
122,1.4949610404324432,3.653191154013203
123,1.484605576921616,3.642838788937919
124,1.4760768866237206,3.6541013114060026
125,1.470506152523218,3.65652555554225
126,1.463432330119459,3.6619663117807124
127,1.4530537224017115,3.6700908986827994
128,1.447433083369259,3.6725022953773854
129,1.4415945302585007,3.6783929615584103
130,1.4333516615855544,3.679063485141545
131,1.4245569082252083,3.6780253261453493
132,1.4200474260225577,3.681793040867093
133,1.4078539539490067,3.689050684498332
134,1.4030890997955066,3.684796295085537
135,1.3957719380342508,3.7055697370682084
136,1.389704479446894,3.705807698929863
137,1.3799177196961414,3.706727638526305
138,1.3727851185617568,3.7225218151189106
139,1.3666804651670819,3.7261299020630396
140,1.35682556900797,3.722992569082397
141,1.3529101358687325,3.735889139054697
142,1.3464398997745433,3.73445853402343
143,1.3371301009182186,3.737920932125945
144,1.3297189720572298,3.741148623736096
145,1.3259924111989982,3.7528750906513713
146,1.3189688936064514,3.75636670659866
147,1.3165599263670071,3.7547808860424703
148,1.3046075442672278,3.754364836568068
149,1.2976123954676375,3.7741500586900028
150,1.2914347668740316,3.77459627867751
151,1.2900062573106983,3.774696026170304
152,1.2782616907031223,3.7870512873814577
153,1.274717542189586,3.7862056820704466
154,1.267469658127314,3.7875827435199723
155,1.2595725924656864,3.79657545069602
156,1.253544149519522,3.7993930271406215
157,1.2474385917438233,3.805067292748624
158,1.3219993879020466,3.793852777923713
159,1.2697814325743084,3.79190739901257
160,1.2450978685531937,3.8067809288008805
161,1.224515704666009,3.81218365979094
162,1.214680411141633,3.8178250437547385
163,1.207379534274717,3.8214917504837747
164,1.2077944666021483,3.834189291241803
165,1.20789595595895,3.8410486148882517
166,1.1936145970590004,3.8379411254754046
167,1.1871494633236013,3.851659006207301
168,1.1827667906314512,3.8544906986413627
169,1.176392876146212,3.863066804056932
170,1.1731437686123425,3.866462325245016
171,1.1674285971162692,3.867923422704769
172,1.1606590254900324,3.8741032886102733
173,1.1571961555802872,3.8838960893043484
174,1.166114286028383,3.88723032182782
175,1.178373418276823,3.8702260130065405
176,1.1522233878509909,3.8840658533925247
177,1.13881199068158,3.8909681778919847
178,1.1334322645694395,3.895870920978015
179,1.1246172823483431,3.8994106461730182
180,1.119556315086059,3.9095093167783843
181,1.1149512856318478,3.9196997755187475
182,1.11303335352789,3.929641502315988
183,1.1087886743907687,3.9360708043545105
184,1.099696302715736,3.934314639256473
185,1.0986675325828263,3.9333796943793318
186,1.0983601778368406,3.938821378136486
187,1.0892264118677453,3.9377643488630465
188,1.078676700592041,3.9574709079436614
189,1.076400581794449,3.9596260931924427
190,1.070393230341658,3.9560008431285745
191,1.0732274085660525,3.9665991545729495
192,1.0645962832849236,3.973007161909015
193,1.0531946626896596,3.988280469355201
194,1.0572261050783631,3.995170814578543
195,1.0541464915255454,3.9923634187078676
196,1.0416848765143865,3.9942506657371037
197,1.0370614528656006,4.010816087199665
198,1.038942614185156,3.9924278681791283
199,1.0322220607145929,4.004725697674329
200,1.0260051727797914,4.022485918133571
201,1.0231830274002462,4.019794363512772
202,1.021159061902686,4.020293907777167
203,1.017432061931755,4.022919419445569
204,1.0089978040019167,4.0301102626172804
205,1.0008887615887927,4.0468641313319464
206,1.0013644924143699,4.048545527558789
207,0.994866494388017,4.055769630625278
208,0.9916560021130848,4.0538714606047686
209,0.9963864988415553,4.060164312773113
210,0.985734488390669,4.064579887229179
211,0.9894479985981551,4.067328857470162
212,0.976200747087535,4.077270781440574
213,0.9743031987661048,4.083071720751026
214,0.9670214112297895,4.080613134279533
215,0.964068704013583,4.094266796916849
216,0.9670475786748315,4.097011892101433
217,0.9570720834571098,4.098987563249934
218,0.9536832882885189,4.115709349072935
219,0.944312964310626,4.106662440400586
220,1.0175041563903229,4.080525104506609
221,0.9866951603426712,4.09607173621906
222,0.9463984669512334,4.119987878115368
223,0.9303814411666322,4.123499624839815
224,0.9222050849898455,4.13138367656917
225,0.9156917811446049,4.136451962627942
226,0.9093440092062648,4.147482527962214
227,0.9098652852738457,4.147968813336851
